22

200111000
200102221
220112121
122212121
111212121
100222122
100111112

200111000
200102221
222112121
102212121
111212121
100222122
100111112

200111000
220102221
020112121
122212121
111212121
100222122
100111112

200111000
220102221
022112121
102212121
111212121
100222122
100111112

200111000
222102221
002112121
102212121
111212121
100222122
100111112

220111000
020102221
020112121
122212121
111212121
100222122
100111112

220111000
020102221
022112121
102212121
111212121
100222122
100111112

220111000
022102221
002112121
102212121
111212121
100222122
100111112

222111000
002102221
002112121
102212121
111212121
100222122
100111112

